<?xml version="1.0" encoding="UTF-8"?>
<testsuite xmlns:xsi="http://www.w3.org/2001/XMLSchema-instance" xsi:noNamespaceSchemaLocation="https://maven.apache.org/surefire/maven-surefire-plugin/xsd/surefire-test-report-3.0.xsd" version="3.0" name="hu.nye.progtech.foxandhounds.SettingsTest" time="0.658" tests="2" errors="0" skipped="0" failures="0">
  <properties>
[...]
</properties>
  <testcase name="testSettings" classname="hu.nye.progtech.foxandhounds.SettingsTest" time="0.021"/>
  <testcase name="testCommandImpl" classname="hu.nye.progtech.foxandhounds.SettingsTest" time="0.002"/>
</testsuite>